# JRE version: Java(TM) SE Runtime Environment (8.0_131-b11) (build 1.8.0_131-b11)
# Java VM: Java HotSpot(TM) Client VM (25.131-b11 mixed mode windows-x86 )
Heap:
 def new generation   total 235968K, used 214794K [0x04400000, 0x14400000, 0x14400000)
  eden space 209792K,  96% used [0x04400000, 0x10a06340, 0x110e0000)
  from space 26176K,  45% used [0x12a70000, 0x1362c618, 0x14400000)
  to   space 26176K,   0% used [0x110e0000, 0x110e0000, 0x12a70000)
 tenured generation   total 524288K, used 197930K [0x14400000, 0x34400000, 0x34400000)
   the space 524288K,  37% used [0x14400000, 0x2054aa00, 0x2054aa00, 0x34400000)
 Metaspace       used 61301K, capacity 64269K, committed 64384K, reserved 64896K
GC Heap History (10 events):
Event: 369.490 GC heap before
{Heap before GC invocations=60 (full 4):
 def new generation   total 235968K, used 218170K [0x04400000, 0x14400000, 0x14400000)
  eden space 209792K,  99% used [0x04400000, 0x110a3c28, 0x110e0000)
  from space 26176K,  32% used [0x110e0000, 0x1194af50, 0x12a70000)
  to   space 26176K,   0% used [0x12a70000, 0x12a70000, 0x14400000)
 tenured generation   total 524288K, used 197930K [0x14400000, 0x34400000, 0x34400000)
   the space 524288K,  37% used [0x14400000, 0x2054aa00, 0x2054aa00, 0x34400000)
 Metaspace       used 60973K, capacity 63912K, committed 64000K, reserved 64896K
Event: 369.522 GC heap after
Heap after GC invocations=61 (full 4):
 def new generation   total 235968K, used 9270K [0x04400000, 0x14400000, 0x14400000)
  eden space 209792K,   0% used [0x04400000, 0x04400000, 0x110e0000)
  from space 26176K,  35% used [0x12a70000, 0x1337da90, 0x14400000)
  to   space 26176K,   0% used [0x110e0000, 0x110e0000, 0x12a70000)
 tenured generation   total 524288K, used 197930K [0x14400000, 0x34400000, 0x34400000)
   the space 524288K,  37% used [0x14400000, 0x2054aa00, 0x2054aa00, 0x34400000)
 Metaspace       used 60973K, capacity 63912K, committed 64000K, reserved 64896K
}
Event: 375.484 GC heap before
{Heap before GC invocations=61 (full 4):
 def new generation   total 235968K, used 219062K [0x04400000, 0x14400000, 0x14400000)
  eden space 209792K, 100% used [0x04400000, 0x110e0000, 0x110e0000)
  from space 26176K,  35% used [0x12a70000, 0x1337da90, 0x14400000)
  to   space 26176K,   0% used [0x110e0000, 0x110e0000, 0x12a70000)
 tenured generation   total 524288K, used 197930K [0x14400000, 0x34400000, 0x34400000)
   the space 524288K,  37% used [0x14400000, 0x2054aa00, 0x2054aa00, 0x34400000)
 Metaspace       used 61216K, capacity 64161K, committed 64256K, reserved 64896K
Event: 375.508 GC heap after
Heap after GC invocations=62 (full 4):
 def new generation   total 235968K, used 11710K [0x04400000, 0x14400000, 0x14400000)
  eden space 209792K,   0% used [0x04400000, 0x04400000, 0x110e0000)
  from space 26176K,  44% used [0x110e0000, 0x11c4f9b8, 0x12a70000)
  to   space 26176K,   0% used [0x12a70000, 0x12a70000, 0x14400000)
 tenured generation   total 524288K, used 197930K [0x14400000, 0x34400000, 0x34400000)
   the space 524288K,  37% used [0x14400000, 0x2054aa00, 0x2054aa00, 0x34400000)
 Metaspace       used 61216K, capacity 64161K, committed 64256K, reserved 64896K
}
Event: 381.314 GC heap before
{Heap before GC invocations=62 (full 4):
 def new generation   total 235968K, used 221350K [0x04400000, 0x14400000, 0x14400000)
  eden space 209792K,  99% used [0x04400000, 0x110b9ff8, 0x110e0000)
  from space 26176K,  44% used [0x110e0000, 0x11c4f9b8, 0x12a70000)
  to   space 26176K,   0% used [0x12a70000, 0x12a70000, 0x14400000)
 tenured generation   total 524288K, used 197930K [0x14400000, 0x34400000, 0x34400000)
   the space 524288K,  37% used [0x14400000, 0x2054aa00, 0x2054aa00, 0x34400000)
 Metaspace       used 61246K, capacity 64194K, committed 64256K, reserved 64896K
Event: 381.336 GC heap after
Heap after GC invocations=63 (full 4):
 def new generation   total 235968K, used 11243K [0x04400000, 0x14400000, 0x14400000)
  eden space 209792K,   0% used [0x04400000, 0x04400000, 0x110e0000)
  from space 26176K,  42% used [0x12a70000, 0x1356ac20, 0x14400000)
  to   space 26176K,   0% used [0x110e0000, 0x110e0000, 0x12a70000)
 tenured generation   total 524288K, used 197930K [0x14400000, 0x34400000, 0x34400000)
   the space 524288K,  37% used [0x14400000, 0x2054aa00, 0x2054aa00, 0x34400000)
 Metaspace       used 61246K, capacity 64194K, committed 64256K, reserved 64896K
}
Event: 390.386 GC heap before
{Heap before GC invocations=63 (full 4):
 def new generation   total 235968K, used 221035K [0x04400000, 0x14400000, 0x14400000)
  eden space 209792K, 100% used [0x04400000, 0x110e0000, 0x110e0000)
  from space 26176K,  42% used [0x12a70000, 0x1356ac20, 0x14400000)
  to   space 26176K,   0% used [0x110e0000, 0x110e0000, 0x12a70000)
 tenured generation   total 524288K, used 197930K [0x14400000, 0x34400000, 0x34400000)
   the space 524288K,  37% used [0x14400000, 0x2054aa00, 0x2054aa00, 0x34400000)
 Metaspace       used 61258K, capacity 64209K, committed 64256K, reserved 64896K
Event: 390.415 GC heap after
Heap after GC invocations=64 (full 4):
 def new generation   total 235968K, used 11226K [0x04400000, 0x14400000, 0x14400000)
  eden space 209792K,   0% used [0x04400000, 0x04400000, 0x110e0000)
  from space 26176K,  42% used [0x110e0000, 0x11bd6968, 0x12a70000)
  to   space 26176K,   0% used [0x12a70000, 0x12a70000, 0x14400000)
 tenured generation   total 524288K, used 197930K [0x14400000, 0x34400000, 0x34400000)
   the space 524288K,  37% used [0x14400000, 0x2054aa00, 0x2054aa00, 0x34400000)
 Metaspace       used 61258K, capacity 64209K, committed 64256K, reserved 64896K
}
Event: 412.810 GC heap before
{Heap before GC invocations=64 (full 4):
 def new generation   total 235968K, used 221018K [0x04400000, 0x14400000, 0x14400000)
  eden space 209792K, 100% used [0x04400000, 0x110e0000, 0x110e0000)
  from space 26176K,  42% used [0x110e0000, 0x11bd6968, 0x12a70000)
  to   space 26176K,   0% used [0x12a70000, 0x12a70000, 0x14400000)
 tenured generation   total 524288K, used 197930K [0x14400000, 0x34400000, 0x34400000)
   the space 524288K,  37% used [0x14400000, 0x2054aa00, 0x2054aa00, 0x34400000)
 Metaspace       used 61301K, capacity 64269K, committed 64384K, reserved 64896K
Event: 412.833 GC heap after
Heap after GC invocations=65 (full 4):
 def new generation   total 235968K, used 12017K [0x04400000, 0x14400000, 0x14400000)
  eden space 209792K,   0% used [0x04400000, 0x04400000, 0x110e0000)
  from space 26176K,  45% used [0x12a70000, 0x1362c618, 0x14400000)
  to   space 26176K,   0% used [0x110e0000, 0x110e0000, 0x12a70000)
 tenured generation   total 524288K, used 197930K [0x14400000, 0x34400000, 0x34400000)
   the space 524288K,  37% used [0x14400000, 0x2054aa00, 0x2054aa00, 0x34400000)
 Metaspace       used 61301K, capacity 64269K, committed 64384K, reserved 64896K
}

