# JRE version: Java(TM) SE Runtime Environment (8.0_131-b11) (build 1.8.0_131-b11)
# Java VM: Java HotSpot(TM) Client VM (25.131-b11 mixed mode windows-x86 )
Heap:
 def new generation   total 235968K, used 134407K [0x04c00000, 0x14c00000, 0x14c00000)
  eden space 209792K,  57% used [0x04c00000, 0x0c0d59b0, 0x118e0000)
  from space 26176K,  56% used [0x13270000, 0x140dc3b8, 0x14c00000)
  to   space 26176K,   0% used [0x118e0000, 0x118e0000, 0x13270000)
 tenured generation   total 524288K, used 189545K [0x14c00000, 0x34c00000, 0x34c00000)
   the space 524288K,  36% used [0x14c00000, 0x2051a7c0, 0x2051a800, 0x34c00000)
 Metaspace       used 60667K, capacity 63544K, committed 63616K, reserved 63872K
GC Heap History (10 events):
Event: 226.451 GC heap before
{Heap before GC invocations=52 (full 4):
 def new generation   total 235968K, used 220990K [0x04c00000, 0x14c00000, 0x14c00000)
  eden space 209792K,  99% used [0x04c00000, 0x118a70d8, 0x118e0000)
  from space 26176K,  43% used [0x118e0000, 0x12408770, 0x13270000)
  to   space 26176K,   0% used [0x13270000, 0x13270000, 0x14c00000)
 tenured generation   total 524288K, used 185611K [0x14c00000, 0x34c00000, 0x34c00000)
   the space 524288K,  35% used [0x14c00000, 0x20142ef8, 0x20143000, 0x34c00000)
 Metaspace       used 59769K, capacity 62530K, committed 62592K, reserved 62848K
Event: 226.481 GC heap after
Heap after GC invocations=53 (full 4):
 def new generation   total 235968K, used 13557K [0x04c00000, 0x14c00000, 0x14c00000)
  eden space 209792K,   0% used [0x04c00000, 0x04c00000, 0x118e0000)
  from space 26176K,  51% used [0x13270000, 0x13fad698, 0x14c00000)
  to   space 26176K,   0% used [0x118e0000, 0x118e0000, 0x13270000)
 tenured generation   total 524288K, used 185611K [0x14c00000, 0x34c00000, 0x34c00000)
   the space 524288K,  35% used [0x14c00000, 0x20142ef8, 0x20143000, 0x34c00000)
 Metaspace       used 59769K, capacity 62530K, committed 62592K, reserved 62848K
}
Event: 231.128 GC heap before
{Heap before GC invocations=53 (full 4):
 def new generation   total 235968K, used 223349K [0x04c00000, 0x14c00000, 0x14c00000)
  eden space 209792K, 100% used [0x04c00000, 0x118e0000, 0x118e0000)
  from space 26176K,  51% used [0x13270000, 0x13fad698, 0x14c00000)
  to   space 26176K,   0% used [0x118e0000, 0x118e0000, 0x13270000)
 tenured generation   total 524288K, used 185611K [0x14c00000, 0x34c00000, 0x34c00000)
   the space 524288K,  35% used [0x14c00000, 0x20142ef8, 0x20143000, 0x34c00000)
 Metaspace       used 60157K, capacity 62933K, committed 62976K, reserved 63872K
Event: 231.162 GC heap after
Heap after GC invocations=54 (full 4):
 def new generation   total 235968K, used 10429K [0x04c00000, 0x14c00000, 0x14c00000)
  eden space 209792K,   0% used [0x04c00000, 0x04c00000, 0x118e0000)
  from space 26176K,  39% used [0x118e0000, 0x1230f450, 0x13270000)
  to   space 26176K,   0% used [0x13270000, 0x13270000, 0x14c00000)
 tenured generation   total 524288K, used 189545K [0x14c00000, 0x34c00000, 0x34c00000)
   the space 524288K,  36% used [0x14c00000, 0x2051a7c0, 0x2051a800, 0x34c00000)
 Metaspace       used 60157K, capacity 62933K, committed 62976K, reserved 63872K
}
Event: 233.973 GC heap before
{Heap before GC invocations=54 (full 4):
 def new generation   total 235968K, used 220221K [0x04c00000, 0x14c00000, 0x14c00000)
  eden space 209792K, 100% used [0x04c00000, 0x118e0000, 0x118e0000)
  from space 26176K,  39% used [0x118e0000, 0x1230f450, 0x13270000)
  to   space 26176K,   0% used [0x13270000, 0x13270000, 0x14c00000)
 tenured generation   total 524288K, used 189545K [0x14c00000, 0x34c00000, 0x34c00000)
   the space 524288K,  36% used [0x14c00000, 0x2051a7c0, 0x2051a800, 0x34c00000)
 Metaspace       used 60305K, capacity 63101K, committed 63104K, reserved 63872K
Event: 234.006 GC heap after
Heap after GC invocations=55 (full 4):
 def new generation   total 235968K, used 11830K [0x04c00000, 0x14c00000, 0x14c00000)
  eden space 209792K,   0% used [0x04c00000, 0x04c00000, 0x118e0000)
  from space 26176K,  45% used [0x13270000, 0x13dfdba8, 0x14c00000)
  to   space 26176K,   0% used [0x118e0000, 0x118e0000, 0x13270000)
 tenured generation   total 524288K, used 189545K [0x14c00000, 0x34c00000, 0x34c00000)
   the space 524288K,  36% used [0x14c00000, 0x2051a7c0, 0x2051a800, 0x34c00000)
 Metaspace       used 60305K, capacity 63101K, committed 63104K, reserved 63872K
}
Event: 235.300 GC heap before
{Heap before GC invocations=55 (full 4):
 def new generation   total 235968K, used 221622K [0x04c00000, 0x14c00000, 0x14c00000)
  eden space 209792K, 100% used [0x04c00000, 0x118e0000, 0x118e0000)
  from space 26176K,  45% used [0x13270000, 0x13dfdba8, 0x14c00000)
  to   space 26176K,   0% used [0x118e0000, 0x118e0000, 0x13270000)
 tenured generation   total 524288K, used 189545K [0x14c00000, 0x34c00000, 0x34c00000)
   the space 524288K,  36% used [0x14c00000, 0x2051a7c0, 0x2051a800, 0x34c00000)
 Metaspace       used 60458K, capacity 63271K, committed 63360K, reserved 63872K
Event: 235.337 GC heap after
Heap after GC invocations=56 (full 4):
 def new generation   total 235968K, used 12973K [0x04c00000, 0x14c00000, 0x14c00000)
  eden space 209792K,   0% used [0x04c00000, 0x04c00000, 0x118e0000)
  from space 26176K,  49% used [0x118e0000, 0x1258b500, 0x13270000)
  to   space 26176K,   0% used [0x13270000, 0x13270000, 0x14c00000)
 tenured generation   total 524288K, used 189545K [0x14c00000, 0x34c00000, 0x34c00000)
   the space 524288K,  36% used [0x14c00000, 0x2051a7c0, 0x2051a800, 0x34c00000)
 Metaspace       used 60458K, capacity 63271K, committed 63360K, reserved 63872K
}
Event: 248.107 GC heap before
{Heap before GC invocations=56 (full 4):
 def new generation   total 235968K, used 222765K [0x04c00000, 0x14c00000, 0x14c00000)
  eden space 209792K, 100% used [0x04c00000, 0x118e0000, 0x118e0000)
  from space 26176K,  49% used [0x118e0000, 0x1258b500, 0x13270000)
  to   space 26176K,   0% used [0x13270000, 0x13270000, 0x14c00000)
 tenured generation   total 524288K, used 189545K [0x14c00000, 0x34c00000, 0x34c00000)
   the space 524288K,  36% used [0x14c00000, 0x2051a7c0, 0x2051a800, 0x34c00000)
 Metaspace       used 60662K, capacity 63512K, committed 63616K, reserved 63872K
Event: 248.132 GC heap after
Heap after GC invocations=57 (full 4):
 def new generation   total 235968K, used 14768K [0x04c00000, 0x14c00000, 0x14c00000)
  eden space 209792K,   0% used [0x04c00000, 0x04c00000, 0x118e0000)
  from space 26176K,  56% used [0x13270000, 0x140dc3b8, 0x14c00000)
  to   space 26176K,   0% used [0x118e0000, 0x118e0000, 0x13270000)
 tenured generation   total 524288K, used 189545K [0x14c00000, 0x34c00000, 0x34c00000)
   the space 524288K,  36% used [0x14c00000, 0x2051a7c0, 0x2051a800, 0x34c00000)
 Metaspace       used 60662K, capacity 63512K, committed 63616K, reserved 63872K
}

