# JRE version: Java(TM) SE Runtime Environment (7.0_80-b15) (build 1.7.0_80-b15)
# Java VM: Java HotSpot(TM) 64-Bit Server VM (24.80-b11 mixed mode windows-amd64 compressed oops)
Heap
 PSYoungGen      total 254464K, used 45315K [0x00000000f0000000, 0x0000000100000000, 0x0000000100000000)
  eden space 247808K, 15% used [0x00000000f0000000,0x00000000f261fe98,0x00000000ff200000)
  from space 6656K, 94% used [0x00000000ff200000,0x00000000ff820f68,0x00000000ff880000)
  to   space 7680K, 0% used [0x00000000ff880000,0x00000000ff880000,0x0000000100000000)
 ParOldGen       total 524288K, used 265716K [0x00000000d0000000, 0x00000000f0000000, 0x00000000f0000000)
  object space 524288K, 50% used [0x00000000d0000000,0x00000000e037d040,0x00000000f0000000)
 PSPermGen       total 116736K, used 116265K [0x00000000c0000000, 0x00000000c7200000, 0x00000000d0000000)
  object space 116736K, 99% used [0x00000000c0000000,0x00000000c718a4d0,0x00000000c7200000)
GC Heap History (10 events):
Event: 449.616 GC heap before
{Heap before GC invocations=65 (full 0):
 PSYoungGen      total 254464K, used 248299K [0x00000000f0000000, 0x0000000100000000, 0x0000000100000000)
  eden space 246272K, 100% used [0x00000000f0000000,0x00000000ff080000,0x00000000ff080000)
  from space 8192K, 24% used [0x00000000ff800000,0x00000000ff9fae90,0x0000000100000000)
  to   space 7680K, 0% used [0x00000000ff080000,0x00000000ff080000,0x00000000ff800000)
 ParOldGen       total 524288K, used 256959K [0x00000000d0000000, 0x00000000f0000000, 0x00000000f0000000)
  object space 524288K, 49% used [0x00000000d0000000,0x00000000dfaefdf8,0x00000000f0000000)
 PSPermGen       total 104448K, used 104243K [0x00000000c0000000, 0x00000000c6600000, 0x00000000d0000000)
  object space 104448K, 99% used [0x00000000c0000000,0x00000000c65ccec8,0x00000000c6600000)
Event: 449.651 GC heap after
Heap after GC invocations=65 (full 0):
 PSYoungGen      total 253952K, used 2813K [0x00000000f0000000, 0x0000000100000000, 0x0000000100000000)
  eden space 246272K, 0% used [0x00000000f0000000,0x00000000f0000000,0x00000000ff080000)
  from space 7680K, 36% used [0x00000000ff080000,0x00000000ff33f798,0x00000000ff800000)
  to   space 7168K, 0% used [0x00000000ff900000,0x00000000ff900000,0x0000000100000000)
 ParOldGen       total 524288K, used 258746K [0x00000000d0000000, 0x00000000f0000000, 0x00000000f0000000)
  object space 524288K, 49% used [0x00000000d0000000,0x00000000dfcae940,0x00000000f0000000)
 PSPermGen       total 104448K, used 104243K [0x00000000c0000000, 0x00000000c6600000, 0x00000000d0000000)
  object space 104448K, 99% used [0x00000000c0000000,0x00000000c65ccec8,0x00000000c6600000)
}
Event: 449.882 GC heap before
{Heap before GC invocations=66 (full 0):
 PSYoungGen      total 253952K, used 249085K [0x00000000f0000000, 0x0000000100000000, 0x0000000100000000)
  eden space 246272K, 100% used [0x00000000f0000000,0x00000000ff080000,0x00000000ff080000)
  from space 7680K, 36% used [0x00000000ff080000,0x00000000ff33f798,0x00000000ff800000)
  to   space 7168K, 0% used [0x00000000ff900000,0x00000000ff900000,0x0000000100000000)
 ParOldGen       total 524288K, used 258746K [0x00000000d0000000, 0x00000000f0000000, 0x00000000f0000000)
  object space 524288K, 49% used [0x00000000d0000000,0x00000000dfcae940,0x00000000f0000000)
 PSPermGen       total 104448K, used 104243K [0x00000000c0000000, 0x00000000c6600000, 0x00000000d0000000)
  object space 104448K, 99% used [0x00000000c0000000,0x00000000c65ccec8,0x00000000c6600000)
Event: 449.920 GC heap after
Heap after GC invocations=66 (full 0):
 PSYoungGen      total 254976K, used 96K [0x00000000f0000000, 0x0000000100000000, 0x0000000100000000)
  eden space 247808K, 0% used [0x00000000f0000000,0x00000000f0000000,0x00000000ff200000)
  from space 7168K, 1% used [0x00000000ff900000,0x00000000ff918000,0x0000000100000000)
  to   space 7168K, 0% used [0x00000000ff200000,0x00000000ff200000,0x00000000ff900000)
 ParOldGen       total 524288K, used 261482K [0x00000000d0000000, 0x00000000f0000000, 0x00000000f0000000)
  object space 524288K, 49% used [0x00000000d0000000,0x00000000dff5a970,0x00000000f0000000)
 PSPermGen       total 104448K, used 104243K [0x00000000c0000000, 0x00000000c6600000, 0x00000000d0000000)
  object space 104448K, 99% used [0x00000000c0000000,0x00000000c65ccec8,0x00000000c6600000)
}
Event: 450.160 GC heap before
{Heap before GC invocations=67 (full 0):
 PSYoungGen      total 254976K, used 247904K [0x00000000f0000000, 0x0000000100000000, 0x0000000100000000)
  eden space 247808K, 100% used [0x00000000f0000000,0x00000000ff200000,0x00000000ff200000)
  from space 7168K, 1% used [0x00000000ff900000,0x00000000ff918000,0x0000000100000000)
  to   space 7168K, 0% used [0x00000000ff200000,0x00000000ff200000,0x00000000ff900000)
 ParOldGen       total 524288K, used 261482K [0x00000000d0000000, 0x00000000f0000000, 0x00000000f0000000)
  object space 524288K, 49% used [0x00000000d0000000,0x00000000dff5a970,0x00000000f0000000)
 PSPermGen       total 104960K, used 104481K [0x00000000c0000000, 0x00000000c6680000, 0x00000000d0000000)
  object space 104960K, 99% used [0x00000000c0000000,0x00000000c6608548,0x00000000c6680000)
Event: 450.164 GC heap after
Heap after GC invocations=67 (full 0):
 PSYoungGen      total 254976K, used 1148K [0x00000000f0000000, 0x0000000100000000, 0x0000000100000000)
  eden space 247808K, 0% used [0x00000000f0000000,0x00000000f0000000,0x00000000ff200000)
  from space 7168K, 16% used [0x00000000ff200000,0x00000000ff31f328,0x00000000ff900000)
  to   space 6656K, 0% used [0x00000000ff980000,0x00000000ff980000,0x0000000100000000)
 ParOldGen       total 524288K, used 261490K [0x00000000d0000000, 0x00000000f0000000, 0x00000000f0000000)
  object space 524288K, 49% used [0x00000000d0000000,0x00000000dff5c970,0x00000000f0000000)
 PSPermGen       total 104960K, used 104481K [0x00000000c0000000, 0x00000000c6680000, 0x00000000d0000000)
  object space 104960K, 99% used [0x00000000c0000000,0x00000000c6608548,0x00000000c6680000)
}
Event: 451.201 GC heap before
{Heap before GC invocations=68 (full 0):
 PSYoungGen      total 254976K, used 248956K [0x00000000f0000000, 0x0000000100000000, 0x0000000100000000)
  eden space 247808K, 100% used [0x00000000f0000000,0x00000000ff200000,0x00000000ff200000)
  from space 7168K, 16% used [0x00000000ff200000,0x00000000ff31f328,0x00000000ff900000)
  to   space 6656K, 0% used [0x00000000ff980000,0x00000000ff980000,0x0000000100000000)
 ParOldGen       total 524288K, used 261490K [0x00000000d0000000, 0x00000000f0000000, 0x00000000f0000000)
  object space 524288K, 49% used [0x00000000d0000000,0x00000000dff5c970,0x00000000f0000000)
 PSPermGen       total 105472K, used 105329K [0x00000000c0000000, 0x00000000c6700000, 0x00000000d0000000)
  object space 105472K, 99% used [0x00000000c0000000,0x00000000c66dc658,0x00000000c6700000)
Event: 451.295 GC heap after
Heap after GC invocations=68 (full 0):
 PSYoungGen      total 254464K, used 3744K [0x00000000f0000000, 0x0000000100000000, 0x0000000100000000)
  eden space 247808K, 0% used [0x00000000f0000000,0x00000000f0000000,0x00000000ff200000)
  from space 6656K, 56% used [0x00000000ff980000,0x00000000ffd28260,0x0000000100000000)
  to   space 7168K, 0% used [0x00000000ff200000,0x00000000ff200000,0x00000000ff900000)
 ParOldGen       total 524288K, used 262490K [0x00000000d0000000, 0x00000000f0000000, 0x00000000f0000000)
  object space 524288K, 50% used [0x00000000d0000000,0x00000000e0056bb8,0x00000000f0000000)
 PSPermGen       total 105472K, used 105329K [0x00000000c0000000, 0x00000000c6700000, 0x00000000d0000000)
  object space 105472K, 99% used [0x00000000c0000000,0x00000000c66dc658,0x00000000c6700000)
}
Event: 452.624 GC heap before
{Heap before GC invocations=69 (full 0):
 PSYoungGen      total 254464K, used 251552K [0x00000000f0000000, 0x0000000100000000, 0x0000000100000000)
  eden space 247808K, 100% used [0x00000000f0000000,0x00000000ff200000,0x00000000ff200000)
  from space 6656K, 56% used [0x00000000ff980000,0x00000000ffd28260,0x0000000100000000)
  to   space 7168K, 0% used [0x00000000ff200000,0x00000000ff200000,0x00000000ff900000)
 ParOldGen       total 524288K, used 262490K [0x00000000d0000000, 0x00000000f0000000, 0x00000000f0000000)
  object space 524288K, 50% used [0x00000000d0000000,0x00000000e0056bb8,0x00000000f0000000)
 PSPermGen       total 116736K, used 116252K [0x00000000c0000000, 0x00000000c7200000, 0x00000000d0000000)
  object space 116736K, 99% used [0x00000000c0000000,0x00000000c7187190,0x00000000c7200000)
Event: 452.697 GC heap after
Heap after GC invocations=69 (full 0):
 PSYoungGen      total 254464K, used 6275K [0x00000000f0000000, 0x0000000100000000, 0x0000000100000000)
  eden space 247808K, 0% used [0x00000000f0000000,0x00000000f0000000,0x00000000ff200000)
  from space 6656K, 94% used [0x00000000ff200000,0x00000000ff820f68,0x00000000ff880000)
  to   space 7680K, 0% used [0x00000000ff880000,0x00000000ff880000,0x0000000100000000)
 ParOldGen       total 524288K, used 265716K [0x00000000d0000000, 0x00000000f0000000, 0x00000000f0000000)
  object space 524288K, 50% used [0x00000000d0000000,0x00000000e037d040,0x00000000f0000000)
 PSPermGen       total 116736K, used 116252K [0x00000000c0000000, 0x00000000c7200000, 0x00000000d0000000)
  object space 116736K, 99% used [0x00000000c0000000,0x00000000c7187190,0x00000000c7200000)
}

