# JRE version: Java(TM) SE Runtime Environment (8.0_131-b11) (build 1.8.0_131-b11)
# Java VM: Java HotSpot(TM) Client VM (25.131-b11 mixed mode windows-x86 )
Heap:
 def new generation   total 235968K, used 223127K [0x04c00000, 0x14c00000, 0x14c00000)
  eden space 209792K,  98% used [0x04c00000, 0x115e5e68, 0x118e0000)
  from space 26176K,  62% used [0x13270000, 0x14270168, 0x14c00000)
  to   space 26176K,   0% used [0x118e0000, 0x118e0000, 0x13270000)
 tenured generation   total 524288K, used 128677K [0x14c00000, 0x34c00000, 0x34c00000)
   the space 524288K,  24% used [0x14c00000, 0x1c9a9450, 0x1c9a9600, 0x34c00000)
 Metaspace       used 49242K, capacity 50146K, committed 50176K, reserved 50560K
GC Heap History (10 events):
Event: 25.499 GC heap before
{Heap before GC invocations=21 (full 3):
 def new generation   total 235968K, used 222120K [0x04c00000, 0x14c00000, 0x14c00000)
  eden space 209792K, 100% used [0x04c00000, 0x118e0000, 0x118e0000)
  from space 26176K,  47% used [0x118e0000, 0x124ea0a8, 0x13270000)
  to   space 26176K,   0% used [0x13270000, 0x13270000, 0x14c00000)
 tenured generation   total 524288K, used 103338K [0x14c00000, 0x34c00000, 0x34c00000)
   the space 524288K,  19% used [0x14c00000, 0x1b0ea8e0, 0x1b0eaa00, 0x34c00000)
 Metaspace       used 43650K, capacity 44286K, committed 44416K, reserved 44416K
Event: 25.548 GC heap after
Heap after GC invocations=22 (full 3):
 def new generation   total 235968K, used 19071K [0x04c00000, 0x14c00000, 0x14c00000)
  eden space 209792K,   0% used [0x04c00000, 0x04c00000, 0x118e0000)
  from space 26176K,  72% used [0x13270000, 0x1450ff30, 0x14c00000)
  to   space 26176K,   0% used [0x118e0000, 0x118e0000, 0x13270000)
 tenured generation   total 524288K, used 103338K [0x14c00000, 0x34c00000, 0x34c00000)
   the space 524288K,  19% used [0x14c00000, 0x1b0ea8e0, 0x1b0eaa00, 0x34c00000)
 Metaspace       used 43650K, capacity 44286K, committed 44416K, reserved 44416K
}
Event: 26.872 GC heap before
{Heap before GC invocations=22 (full 3):
 def new generation   total 235968K, used 228863K [0x04c00000, 0x14c00000, 0x14c00000)
  eden space 209792K, 100% used [0x04c00000, 0x118e0000, 0x118e0000)
  from space 26176K,  72% used [0x13270000, 0x1450ff30, 0x14c00000)
  to   space 26176K,   0% used [0x118e0000, 0x118e0000, 0x13270000)
 tenured generation   total 524288K, used 103338K [0x14c00000, 0x34c00000, 0x34c00000)
   the space 524288K,  19% used [0x14c00000, 0x1b0ea8e0, 0x1b0eaa00, 0x34c00000)
 Metaspace       used 44944K, capacity 45605K, committed 45696K, reserved 46464K
Event: 26.939 GC heap after
Heap after GC invocations=23 (full 3):
 def new generation   total 235968K, used 15815K [0x04c00000, 0x14c00000, 0x14c00000)
  eden space 209792K,   0% used [0x04c00000, 0x04c00000, 0x118e0000)
  from space 26176K,  60% used [0x118e0000, 0x12851c18, 0x13270000)
  to   space 26176K,   0% used [0x13270000, 0x13270000, 0x14c00000)
 tenured generation   total 524288K, used 112897K [0x14c00000, 0x34c00000, 0x34c00000)
   the space 524288K,  21% used [0x14c00000, 0x1ba40460, 0x1ba40600, 0x34c00000)
 Metaspace       used 44944K, capacity 45605K, committed 45696K, reserved 46464K
}
Event: 27.888 GC heap before
{Heap before GC invocations=23 (full 3):
 def new generation   total 235968K, used 225607K [0x04c00000, 0x14c00000, 0x14c00000)
  eden space 209792K, 100% used [0x04c00000, 0x118e0000, 0x118e0000)
  from space 26176K,  60% used [0x118e0000, 0x12851c18, 0x13270000)
  to   space 26176K,   0% used [0x13270000, 0x13270000, 0x14c00000)
 tenured generation   total 524288K, used 112897K [0x14c00000, 0x34c00000, 0x34c00000)
   the space 524288K,  21% used [0x14c00000, 0x1ba40460, 0x1ba40600, 0x34c00000)
 Metaspace       used 45900K, capacity 46670K, committed 46720K, reserved 47488K
Event: 27.929 GC heap after
Heap after GC invocations=24 (full 3):
 def new generation   total 235968K, used 8244K [0x04c00000, 0x14c00000, 0x14c00000)
  eden space 209792K,   0% used [0x04c00000, 0x04c00000, 0x118e0000)
  from space 26176K,  31% used [0x13270000, 0x13a7d198, 0x14c00000)
  to   space 26176K,   0% used [0x118e0000, 0x118e0000, 0x13270000)
 tenured generation   total 524288K, used 120684K [0x14c00000, 0x34c00000, 0x34c00000)
   the space 524288K,  23% used [0x14c00000, 0x1c1db2c8, 0x1c1db400, 0x34c00000)
 Metaspace       used 45900K, capacity 46670K, committed 46720K, reserved 47488K
}
Event: 29.320 GC heap before
{Heap before GC invocations=24 (full 3):
 def new generation   total 235968K, used 218036K [0x04c00000, 0x14c00000, 0x14c00000)
  eden space 209792K, 100% used [0x04c00000, 0x118e0000, 0x118e0000)
  from space 26176K,  31% used [0x13270000, 0x13a7d198, 0x14c00000)
  to   space 26176K,   0% used [0x118e0000, 0x118e0000, 0x13270000)
 tenured generation   total 524288K, used 120684K [0x14c00000, 0x34c00000, 0x34c00000)
   the space 524288K,  23% used [0x14c00000, 0x1c1db2c8, 0x1c1db400, 0x34c00000)
 Metaspace       used 46920K, capacity 47734K, committed 47872K, reserved 48512K
Event: 29.367 GC heap after
Heap after GC invocations=25 (full 3):
 def new generation   total 235968K, used 18540K [0x04c00000, 0x14c00000, 0x14c00000)
  eden space 209792K,   0% used [0x04c00000, 0x04c00000, 0x118e0000)
  from space 26176K,  70% used [0x118e0000, 0x12afb250, 0x13270000)
  to   space 26176K,   0% used [0x13270000, 0x13270000, 0x14c00000)
 tenured generation   total 524288K, used 120684K [0x14c00000, 0x34c00000, 0x34c00000)
   the space 524288K,  23% used [0x14c00000, 0x1c1db2c8, 0x1c1db400, 0x34c00000)
 Metaspace       used 46920K, capacity 47734K, committed 47872K, reserved 48512K
}
Event: 30.413 GC heap before
{Heap before GC invocations=25 (full 3):
 def new generation   total 235968K, used 228332K [0x04c00000, 0x14c00000, 0x14c00000)
  eden space 209792K, 100% used [0x04c00000, 0x118e0000, 0x118e0000)
  from space 26176K,  70% used [0x118e0000, 0x12afb250, 0x13270000)
  to   space 26176K,   0% used [0x13270000, 0x13270000, 0x14c00000)
 tenured generation   total 524288K, used 120684K [0x14c00000, 0x34c00000, 0x34c00000)
   the space 524288K,  23% used [0x14c00000, 0x1c1db2c8, 0x1c1db400, 0x34c00000)
 Metaspace       used 47409K, capacity 48246K, committed 48384K, reserved 48512K
Event: 30.499 GC heap after
Heap after GC invocations=26 (full 3):
 def new generation   total 235968K, used 16384K [0x04c00000, 0x14c00000, 0x14c00000)
  eden space 209792K,   0% used [0x04c00000, 0x04c00000, 0x118e0000)
  from space 26176K,  62% used [0x13270000, 0x14270168, 0x14c00000)
  to   space 26176K,   0% used [0x118e0000, 0x118e0000, 0x13270000)
 tenured generation   total 524288K, used 128677K [0x14c00000, 0x34c00000, 0x34c00000)
   the space 524288K,  24% used [0x14c00000, 0x1c9a9450, 0x1c9a9600, 0x34c00000)
 Metaspace       used 47409K, capacity 48246K, committed 48384K, reserved 48512K
}

